#-----------------------------------------------------------
# Vivado v2018.2 (64-bit)
# SW Build 2258646 on Thu Jun 14 20:03:12 MDT 2018
# IP Build 2256618 on Thu Jun 14 22:10:49 MDT 2018
# Start of session at: Sat Apr  6 19:16:05 2024
# Process ID: 18056
# Current directory: C:/Users/Yi Xin/Downloads/tosend.xpr/grp_project
# Command line: vivado.exe -gui_launcher_event rodinguilauncherevent8144 C:\Users\Yi Xin\Downloads\tosend.xpr\grp_project\grp_project.xpr
# Log file: C:/Users/Yi Xin/Downloads/tosend.xpr/grp_project/vivado.log
# Journal file: C:/Users/Yi Xin/Downloads/tosend.xpr/grp_project\vivado.jou
#-----------------------------------------------------------
start_gui
open_project {C:/Users/Yi Xin/Downloads/tosend.xpr/grp_project/grp_project.xpr}
INFO: [Project 1-313] Project file moved from 'C:/Users/Parth/OneDrive - National University of Singapore/Desktop/ee2026 proj working file/latestv2.xpr/grp_project/.Xil/Vivado-24344-Parth/PrjAr/_X_' since last save.
Scanning sources...
Finished scanning sources
INFO: [IP_Flow 19-234] Refreshing IP repositories
INFO: [IP_Flow 19-1704] No user IP repositories specified
INFO: [IP_Flow 19-2313] Loaded Vivado IP repository 'C:/Xilinx/Vivado/2018.2/data/ip'.
update_compile_order -fileset sources_1
reset_run synth_1
launch_runs impl_1 -to_step write_bitstream -jobs 16
[Sat Apr  6 19:17:00 2024] Launched synth_1...
Run output will be captured here: C:/Users/Yi Xin/Downloads/tosend.xpr/grp_project/grp_project.runs/synth_1/runme.log
[Sat Apr  6 19:17:00 2024] Launched impl_1...
Run output will be captured here: C:/Users/Yi Xin/Downloads/tosend.xpr/grp_project/grp_project.runs/impl_1/runme.log
open_hw
archive_project {C:/Users/Yi Xin/Downloads/tosend.xpr/final.xpr.zip} -temp_dir {C:/Users/Yi Xin/Downloads/tosend.xpr/grp_project/.Xil/Vivado-18056-DESKTOP-NGQ902H} -force -include_local_ip_cache -include_config_settings
INFO: [Coretcl 2-137] starting archive...
INFO: [Coretcl 2-1499] Saving project copy to temporary location 'C:/Users/Yi Xin/Downloads/tosend.xpr/grp_project/.Xil/Vivado-18056-DESKTOP-NGQ902H' for archiving project
Scanning sources...
Finished scanning sources
INFO: [Coretcl 2-1211] Creating project copy for archival...
INFO: [ProjectBase 1-495] The host OS only allows 260 characters in a normal path. The project is stored in a path with more than 80 characters. If you experience any problem with archiving the project, please consider setting environment variable $TEMP to a shorter path.
Current project path is 'C:/Users/Yi Xin/Downloads/tosend.xpr/grp_project/.Xil/Vivado-18056-DESKTOP-NGQ902H/PrjAr/_X_'.
INFO: [Coretcl 2-1213] Including run results for 'synth_1'
INFO: [Coretcl 2-1213] Including run results for 'impl_1'
INFO: [Coretcl 2-1212] Importing remotely added design sources and verilog include files (if any)...
INFO: [filemgmt 20-334] All file(s) are already imported in fileset: 'constrs_1'
INFO: [filemgmt 20-348] Importing the appropriate files for fileset: 'constrs_1'
INFO: [filemgmt 20-334] All file(s) are already imported in fileset: 'sim_1'
INFO: [filemgmt 20-348] Importing the appropriate files for fileset: 'sim_1'
INFO: [filemgmt 20-348] Importing the appropriate files for fileset: 'sources_1'
